## Task 1.3: Database Connection Management Execution Log
Start Time: 2025-10-01 11:16:40


Step 1: Capture Start Time
Timestamp: 2025-10-01 11:16:40
Duration: 0s
Status: SUCCESS
Details: Added start timestamp to implementation plan and created task_1_3_time.log
---

Step 2: Create BDD Feature File
Timestamp: 2025-10-01 11:39:18
Duration: 3s
Status: SUCCESS
Details: Created tests/features/database_connection.feature with 3 scenarios (workspace isolation, Turso fallback, connection pooling)
---

Step 3: Create Test Fixtures
Timestamp: 2025-10-01 11:39:49
Duration: 2s
Status: SUCCESS
Details: Created tests/fixtures/connection_fixtures.py with 3 fixtures (mock_turso_available, mock_turso_unavailable, mock_connection_pool)
---

Step 4: Run Red Test
Timestamp: 2025-10-01 11:41:11
Status: IN_PROGRESS
Details: Created step definitions, running tests to verify red state...

Duration: 5s
Status: SUCCESS
Details: Red test verified - 2 failed, 1 passed. ImportError confirmed - database_connection module does not exist yet.
---

Step 5: Write Implementation
Timestamp: 2025-10-01 11:43:00
Status: IN_PROGRESS
Details: Creating database_connection.py module...

Duration: 10s
Status: SUCCESS
Details: Created database_connection.py with 3 functions:
  - check_turso(): Check Turso availability
  - get_workspace_connection(): Context manager for connections
  - create_scoped_query(): Automatic query scoping
Lines of Code: 122 lines (93 code + 29 documentation)
---

Step 6: Run Green Test
Timestamp: 2025-10-01 11:46:02
Status: IN_PROGRESS
Details: Running tests with coverage to verify green state...

Duration: 12s
Status: SUCCESS
Details: All tests PASSED\! Green state verified.
Test Results:
  - 3 passed, 0 failed (100% success rate)
  - Coverage: 88% for database_connection.py (33/37 statements covered)
  - Missing lines: 27, 63-66, 114 (Turso import paths and some edge cases)
Architecture Compliance:
  - Pure functions with no classes ✓
  - Context manager pattern ✓
  - Workspace isolation enforced ✓
  - Fallback mechanism works ✓
---

Step 7: Commit and Push
Timestamp: 2025-10-01 11:47:00
Status: IN_PROGRESS
Details: Invoking git-commit-manager agent to handle commit and push...

