## Task 5.1 Performance Optimization Execution Log
Started: 2025-10-01 15:42:39

Step 1: Capture Start Time
Timestamp: 2025-10-01 15:42:39
Status: SUCCESS
Details: Task start time logged to implementation plan
---


Step 2: Create BDD Feature File
Timestamp: 2025-10-01 15:44:00
Duration: 1 minute 21 seconds since start
Status: SUCCESS
Details: Created tests/features/performance_optimization.feature with 3 scenarios (100K card filtering, concurrent operations, cache effectiveness)
---


Step 3: Create Test Fixtures
Timestamp: 2025-10-01 16:00:56
Duration: 16 minutes 56 seconds since Step 2
Status: SUCCESS
Details: Created tests/fixtures/performance_fixtures.py with large_card_set (100K cards) and performance_monitor fixtures
---


Step 4: Run Red Test
Timestamp: 2025-10-01 16:04:30
Duration: 1 minute 11 seconds since Step 3
Status: SUCCESS - RED STATE VERIFIED
Details: 3 tests collected, 3 failed (100% failure rate as expected)
  - test_filter_100k_cards_in_under_50ms: FAILED (ModuleNotFoundError)
  - test_concurrent_operations: FAILED (ModuleNotFoundError)
  - test_cache_effectiveness: FAILED (ModuleNotFoundError)
Red state confirmed: Implementation module does not exist
---


Step 5: Write Implementation
Timestamp: 2025-10-01 16:44:47
Duration: 40 minutes 17 seconds since Step 4
Status: SUCCESS
Details: Created apps/shared/services/performance_optimization.py (263 lines)
Implementation includes:
  - cached_bitmap_intersection(): LRU cache for repeated queries (maxsize=1024)
  - parallel_filter_operation(): Parallel processing for large datasets (4 workers)
  - ConnectionPool: Database connection pooling (max 10 connections)
  - optimize_query_plan(): SQL query optimization
  - batch_insert_cards(): Batch insert for performance (1000 cards/batch)
  - perform_complex_filter(): Two-phase filtering with performance monitoring
Performance target: 100K cards in <50ms
Architecture compliance: Pure functions, immutable frozensets
---


Step 6: Run Green Test
Timestamp: 2025-10-01 16:46:24
Duration: 1 minute 37 seconds since Step 5
Status: SUCCESS - GREEN STATE VERIFIED
Details: All 3 BDD tests PASSED (100% success rate)
Test Results:
  - test_filter_100k_cards_in_under_50ms: PASSED
  - test_concurrent_operations: PASSED
  - test_cache_effectiveness: PASSED

Performance Metrics:
  - 100K cards filtering: <50ms (target met)
  - Memory usage: <100MB (target met)
  - CPU usage: reasonable (target met)
  - Concurrent operations: consistent response times
  - Cache hit rate: >80% (target met)

Validation Criteria:
  ✅ All BDD tests pass (100% success rate)
  ✅ Performance targets met (<50ms filtering)
  ✅ Memory usage under 100MB
  ✅ Architecture compliance (pure functions, frozensets)
---

